
--- 2026-03-07T07:09:03.853Z debug
🪵  Writing logs to "/workspaces/ubani-hosting/.config/.wrangler/logs/wrangler-2026-03-07_07-09-03_624.log"
---

--- 2026-03-07T07:09:03.853Z debug
.env file not found at "/workspaces/ubani-hosting/.env". Continuing... For more details, refer to https://developers.cloudflare.com/workers/wrangler/system-environment-variables/
---

--- 2026-03-07T07:09:03.854Z debug
.env file not found at "/workspaces/ubani-hosting/.env.local". Continuing... For more details, refer to https://developers.cloudflare.com/workers/wrangler/system-environment-variables/
---

--- 2026-03-07T07:09:03.865Z log

 ⛅️ wrangler 4.71.0
───────────────────
---

--- 2026-03-07T07:09:03.874Z debug
Metrics dispatcher: Posting data {"deviceId":"7135e9e5-d6fb-4657-81a4-eaecb7fedad0","event":"wrangler command started","timestamp":1772867343874,"properties":{"amplitude_session_id":1772867343871,"amplitude_event_id":0,"wranglerVersion":"4.71.0","wranglerMajorVersion":4,"wranglerMinorVersion":71,"wranglerPatchVersion":0,"osPlatform":"Linux","osVersion":"#50~22.04.1-Ubuntu SMP Wed Dec  3 15:13:22 UTC 2025","nodeVersion":24,"packageManager":"npm","isFirstUsage":false,"configFileType":"toml","isCI":false,"isPagesCI":false,"isWorkersCI":false,"isInteractive":false,"hasAssets":false,"agent":null,"argsUsed":[],"argsCombination":"","sanitizedCommand":"deploy","sanitizedArgs":{}}}
---

--- 2026-03-07T07:09:03.890Z debug
Metrics dispatcher: Posting data {"deviceId":"7135e9e5-d6fb-4657-81a4-eaecb7fedad0","event":"autoconfig_process_started","timestamp":1772867343890,"properties":{"amplitude_session_id":1772867343890,"amplitude_event_id":0,"wranglerVersion":"4.71.0","wranglerMajorVersion":4,"wranglerMinorVersion":71,"wranglerPatchVersion":0,"osPlatform":"Linux","osVersion":"#50~22.04.1-Ubuntu SMP Wed Dec  3 15:13:22 UTC 2025","nodeVersion":24,"packageManager":"npm","isFirstUsage":false,"configFileType":"none","isCI":false,"isPagesCI":false,"isWorkersCI":false,"isInteractive":false,"hasAssets":false,"agent":null,"category":"Workers","os":"linux:x64","autoConfigId":"dd552b26-e0fd-4985-af4e-04f09a89beec","command":"wrangler deploy","dryRun":false}}
---

--- 2026-03-07T07:09:03.891Z debug
Running autoconfig detection in /workspaces/ubani-hosting...
---

--- 2026-03-07T07:09:03.891Z debug
Metrics dispatcher: Posting data {"deviceId":"7135e9e5-d6fb-4657-81a4-eaecb7fedad0","event":"autoconfig_detection_started","timestamp":1772867343891,"properties":{"amplitude_session_id":1772867343891,"amplitude_event_id":0,"wranglerVersion":"4.71.0","wranglerMajorVersion":4,"wranglerMinorVersion":71,"wranglerPatchVersion":0,"osPlatform":"Linux","osVersion":"#50~22.04.1-Ubuntu SMP Wed Dec  3 15:13:22 UTC 2025","nodeVersion":24,"packageManager":"npm","isFirstUsage":false,"configFileType":"none","isCI":false,"isPagesCI":false,"isWorkersCI":false,"isInteractive":false,"hasAssets":false,"agent":null,"category":"Workers","os":"linux:x64","autoConfigId":"dd552b26-e0fd-4985-af4e-04f09a89beec","command":"wrangler deploy"}}
---

--- 2026-03-07T07:09:03.907Z debug
Metrics dispatcher: Posting data {"deviceId":"7135e9e5-d6fb-4657-81a4-eaecb7fedad0","event":"autoconfig_process_ended","timestamp":1772867343907,"properties":{"amplitude_session_id":1772867343906,"amplitude_event_id":0,"wranglerVersion":"4.71.0","wranglerMajorVersion":4,"wranglerMinorVersion":71,"wranglerPatchVersion":0,"osPlatform":"Linux","osVersion":"#50~22.04.1-Ubuntu SMP Wed Dec  3 15:13:22 UTC 2025","nodeVersion":24,"packageManager":"npm","isFirstUsage":false,"configFileType":"none","isCI":false,"isPagesCI":false,"isWorkersCI":false,"isInteractive":false,"hasAssets":false,"agent":null,"category":"Workers","os":"linux:x64","autoConfigId":"dd552b26-e0fd-4985-af4e-04f09a89beec","command":"wrangler deploy","dryRun":false,"success":true}}
---

--- 2026-03-07T07:09:03.956Z debug
Metrics dispatcher: Posting data {"deviceId":"7135e9e5-d6fb-4657-81a4-eaecb7fedad0","event":"wrangler command errored","timestamp":1772867343956,"properties":{"amplitude_session_id":1772867343871,"amplitude_event_id":1,"wranglerVersion":"4.71.0","wranglerMajorVersion":4,"wranglerMinorVersion":71,"wranglerPatchVersion":0,"osPlatform":"Linux","osVersion":"#50~22.04.1-Ubuntu SMP Wed Dec  3 15:13:22 UTC 2025","nodeVersion":24,"packageManager":"npm","isFirstUsage":false,"configFileType":"toml","isCI":false,"isPagesCI":false,"isWorkersCI":false,"isInteractive":false,"hasAssets":false,"agent":null,"argsUsed":[],"argsCombination":"","sanitizedCommand":"deploy","sanitizedArgs":{},"durationMs":101,"errorType":"UserError"}}
---

--- 2026-03-07T07:09:03.957Z log

---

--- 2026-03-07T07:09:04.014Z error
✘ [ERROR] In a non-interactive environment, it's necessary to set a CLOUDFLARE_API_TOKEN environment variable for wrangler to work. Please go to https://developers.cloudflare.com/fundamentals/api/get-started/create-token/ for instructions on how to create an api token, and assign its value to CLOUDFLARE_API_TOKEN.


---

--- 2026-03-07T07:09:04.045Z debug
Error: In a non-interactive environment, it's necessary to set a CLOUDFLARE_API_TOKEN environment variable for wrangler to work. Please go to https://developers.cloudflare.com/fundamentals/api/get-started/create-token/ for instructions on how to create an api token, and assign its value to CLOUDFLARE_API_TOKEN.
    at requireAuth (/workspaces/ubani-hosting/node_modules/wrangler/wrangler-dist/cli.js:123179:13)
    at process.processTicksAndRejections (node:internal/process/task_queues:103:5)
    at async Object.handler (/workspaces/ubani-hosting/node_modules/wrangler/wrangler-dist/cli.js:220281:50)
    at async /workspaces/ubani-hosting/node_modules/wrangler/wrangler-dist/cli.js:169231:26
    at async Object.handler (/workspaces/ubani-hosting/node_modules/wrangler/wrangler-dist/cli.js:169180:7)
---
