
--- 2026-03-06T21:09:49.799Z debug
🪵  Writing logs to "/workspaces/ubani-hosting/.config/.wrangler/logs/wrangler-2026-03-06_21-09-49_592.log"
---

--- 2026-03-06T21:09:49.798Z debug
.env file not found at "/workspaces/ubani-hosting/.env". Continuing... For more details, refer to https://developers.cloudflare.com/workers/wrangler/system-environment-variables/
---

--- 2026-03-06T21:09:49.800Z debug
.env file not found at "/workspaces/ubani-hosting/.env.local". Continuing... For more details, refer to https://developers.cloudflare.com/workers/wrangler/system-environment-variables/
---

--- 2026-03-06T21:09:49.810Z log

 ⛅️ wrangler 4.71.0
───────────────────
---

--- 2026-03-06T21:09:49.818Z debug
Metrics dispatcher: Posting data {"deviceId":"7135e9e5-d6fb-4657-81a4-eaecb7fedad0","event":"wrangler command started","timestamp":1772831389818,"properties":{"amplitude_session_id":1772831389815,"amplitude_event_id":0,"wranglerVersion":"4.71.0","wranglerMajorVersion":4,"wranglerMinorVersion":71,"wranglerPatchVersion":0,"osPlatform":"Linux","osVersion":"#50~22.04.1-Ubuntu SMP Wed Dec  3 15:13:22 UTC 2025","nodeVersion":24,"packageManager":"npm","isFirstUsage":false,"configFileType":"toml","isCI":false,"isPagesCI":false,"isWorkersCI":false,"isInteractive":true,"hasAssets":false,"agent":null,"argsUsed":[],"argsCombination":"","sanitizedCommand":"deploy","sanitizedArgs":{}}}
---

--- 2026-03-06T21:09:49.833Z debug
Metrics dispatcher: Posting data {"deviceId":"7135e9e5-d6fb-4657-81a4-eaecb7fedad0","event":"autoconfig_process_started","timestamp":1772831389833,"properties":{"amplitude_session_id":1772831389833,"amplitude_event_id":0,"wranglerVersion":"4.71.0","wranglerMajorVersion":4,"wranglerMinorVersion":71,"wranglerPatchVersion":0,"osPlatform":"Linux","osVersion":"#50~22.04.1-Ubuntu SMP Wed Dec  3 15:13:22 UTC 2025","nodeVersion":24,"packageManager":"npm","isFirstUsage":false,"configFileType":"none","isCI":false,"isPagesCI":false,"isWorkersCI":false,"isInteractive":true,"hasAssets":false,"agent":null,"category":"Workers","os":"linux:x64","autoConfigId":"8e50dd3e-e422-4f8a-8833-a56c148fd337","command":"wrangler deploy","dryRun":false}}
---

--- 2026-03-06T21:09:49.834Z debug
Running autoconfig detection in /workspaces/ubani-hosting...
---

--- 2026-03-06T21:09:49.834Z debug
Metrics dispatcher: Posting data {"deviceId":"7135e9e5-d6fb-4657-81a4-eaecb7fedad0","event":"autoconfig_detection_started","timestamp":1772831389834,"properties":{"amplitude_session_id":1772831389834,"amplitude_event_id":0,"wranglerVersion":"4.71.0","wranglerMajorVersion":4,"wranglerMinorVersion":71,"wranglerPatchVersion":0,"osPlatform":"Linux","osVersion":"#50~22.04.1-Ubuntu SMP Wed Dec  3 15:13:22 UTC 2025","nodeVersion":24,"packageManager":"npm","isFirstUsage":false,"configFileType":"none","isCI":false,"isPagesCI":false,"isWorkersCI":false,"isInteractive":true,"hasAssets":false,"agent":null,"category":"Workers","os":"linux:x64","autoConfigId":"8e50dd3e-e422-4f8a-8833-a56c148fd337","command":"wrangler deploy"}}
---

--- 2026-03-06T21:09:49.850Z debug
Metrics dispatcher: Posting data {"deviceId":"7135e9e5-d6fb-4657-81a4-eaecb7fedad0","event":"autoconfig_process_ended","timestamp":1772831389850,"properties":{"amplitude_session_id":1772831389850,"amplitude_event_id":0,"wranglerVersion":"4.71.0","wranglerMajorVersion":4,"wranglerMinorVersion":71,"wranglerPatchVersion":0,"osPlatform":"Linux","osVersion":"#50~22.04.1-Ubuntu SMP Wed Dec  3 15:13:22 UTC 2025","nodeVersion":24,"packageManager":"npm","isFirstUsage":false,"configFileType":"none","isCI":false,"isPagesCI":false,"isWorkersCI":false,"isInteractive":true,"hasAssets":false,"agent":null,"category":"Workers","os":"linux:x64","autoConfigId":"8e50dd3e-e422-4f8a-8833-a56c148fd337","command":"wrangler deploy","dryRun":false,"success":true}}
---

--- 2026-03-06T21:09:49.879Z debug
Retrieving cached values for account from node_modules/.cache/wrangler
---

--- 2026-03-06T21:09:49.879Z debug
Starting verifyWorkerMatchesCITag() with tag: undefined, name: ubani-hosting-api
---

--- 2026-03-06T21:09:49.879Z debug
No WRANGLER_CI_MATCH_TAG variable provided, aborting verifyWorkerMatchesCITag()
---

--- 2026-03-06T21:09:49.881Z debug
-- START CF API REQUEST: GET https://api.cloudflare.com/client/v4/accounts/22f8a8390779ed8d3951cab297d2b32a/workers/services/ubani-hosting-api
---

--- 2026-03-06T21:09:49.881Z debug
QUERY STRING: omitted; set WRANGLER_LOG_SANITIZE=false to include sanitized data
---

--- 2026-03-06T21:09:49.882Z debug
HEADERS: omitted; set WRANGLER_LOG_SANITIZE=false to include sanitized data
---

--- 2026-03-06T21:09:49.882Z debug
INIT: omitted; set WRANGLER_LOG_SANITIZE=false to include sanitized data
---

--- 2026-03-06T21:09:49.882Z debug
-- END CF API REQUEST
---

--- 2026-03-06T21:09:51.096Z debug
-- START CF API RESPONSE: OK 200
---

--- 2026-03-06T21:09:51.097Z debug
HEADERS: omitted; set WRANGLER_LOG_SANITIZE=false to include sanitized data
---

--- 2026-03-06T21:09:51.097Z debug
RESPONSE: omitted; set WRANGLER_LOG_SANITIZE=false to include sanitized data
---

--- 2026-03-06T21:09:51.097Z debug
-- END CF API RESPONSE
---

--- 2026-03-06T21:09:51.100Z debug
-- START CF API REQUEST: GET https://api.cloudflare.com/client/v4/accounts/22f8a8390779ed8d3951cab297d2b32a/workers/scripts/ubani-hosting-api/deployments
---

--- 2026-03-06T21:09:51.100Z debug
QUERY STRING: omitted; set WRANGLER_LOG_SANITIZE=false to include sanitized data
---

--- 2026-03-06T21:09:51.100Z debug
HEADERS: omitted; set WRANGLER_LOG_SANITIZE=false to include sanitized data
---

--- 2026-03-06T21:09:51.100Z debug
INIT: omitted; set WRANGLER_LOG_SANITIZE=false to include sanitized data
---

--- 2026-03-06T21:09:51.100Z debug
-- END CF API REQUEST
---

--- 2026-03-06T21:09:51.830Z debug
-- START CF API RESPONSE: OK 200
---

--- 2026-03-06T21:09:51.831Z debug
HEADERS: omitted; set WRANGLER_LOG_SANITIZE=false to include sanitized data
---

--- 2026-03-06T21:09:51.831Z debug
RESPONSE: omitted; set WRANGLER_LOG_SANITIZE=false to include sanitized data
---

--- 2026-03-06T21:09:51.831Z debug
-- END CF API RESPONSE
---

--- 2026-03-06T21:09:51.928Z log
Total Upload: 158.39 KiB / gzip: 32.81 KiB
---

--- 2026-03-06T21:09:51.929Z debug
-- START CF API REQUEST: GET https://api.cloudflare.com/client/v4/accounts/22f8a8390779ed8d3951cab297d2b32a/workers/scripts/ubani-hosting-api/settings
---

--- 2026-03-06T21:09:51.929Z debug
QUERY STRING: omitted; set WRANGLER_LOG_SANITIZE=false to include sanitized data
---

--- 2026-03-06T21:09:51.929Z debug
HEADERS: omitted; set WRANGLER_LOG_SANITIZE=false to include sanitized data
---

--- 2026-03-06T21:09:51.929Z debug
INIT: omitted; set WRANGLER_LOG_SANITIZE=false to include sanitized data
---

--- 2026-03-06T21:09:51.929Z debug
-- END CF API REQUEST
---

--- 2026-03-06T21:09:52.821Z debug
-- START CF API RESPONSE: OK 200
---

--- 2026-03-06T21:09:52.821Z debug
HEADERS: omitted; set WRANGLER_LOG_SANITIZE=false to include sanitized data
---

--- 2026-03-06T21:09:52.821Z debug
RESPONSE: omitted; set WRANGLER_LOG_SANITIZE=false to include sanitized data
---

--- 2026-03-06T21:09:52.821Z debug
-- END CF API RESPONSE
---

--- 2026-03-06T21:09:52.823Z debug
-- START CF API REQUEST: POST https://api.cloudflare.com/client/v4/accounts/22f8a8390779ed8d3951cab297d2b32a/workers/scripts/ubani-hosting-api/versions
---

--- 2026-03-06T21:09:52.823Z debug
QUERY STRING: omitted; set WRANGLER_LOG_SANITIZE=false to include sanitized data
---

--- 2026-03-06T21:09:52.823Z debug
HEADERS: omitted; set WRANGLER_LOG_SANITIZE=false to include sanitized data
---

--- 2026-03-06T21:09:52.823Z debug
INIT: omitted; set WRANGLER_LOG_SANITIZE=false to include sanitized data
---

--- 2026-03-06T21:09:52.825Z debug
BODY: omitted; set WRANGLER_LOG_SANITIZE=false to include sanitized data
---

--- 2026-03-06T21:09:52.825Z debug
-- END CF API REQUEST
---

--- 2026-03-06T21:09:54.881Z debug
-- START CF API RESPONSE: OK 200
---

--- 2026-03-06T21:09:54.881Z debug
HEADERS: omitted; set WRANGLER_LOG_SANITIZE=false to include sanitized data
---

--- 2026-03-06T21:09:54.881Z debug
RESPONSE: omitted; set WRANGLER_LOG_SANITIZE=false to include sanitized data
---

--- 2026-03-06T21:09:54.881Z debug
-- END CF API RESPONSE
---

--- 2026-03-06T21:09:54.882Z debug
-- START CF API REQUEST: POST https://api.cloudflare.com/client/v4/accounts/22f8a8390779ed8d3951cab297d2b32a/workers/scripts/ubani-hosting-api/deployments
---

--- 2026-03-06T21:09:54.882Z debug
QUERY STRING: omitted; set WRANGLER_LOG_SANITIZE=false to include sanitized data
---

--- 2026-03-06T21:09:54.882Z debug
HEADERS: omitted; set WRANGLER_LOG_SANITIZE=false to include sanitized data
---

--- 2026-03-06T21:09:54.882Z debug
INIT: omitted; set WRANGLER_LOG_SANITIZE=false to include sanitized data
---

--- 2026-03-06T21:09:54.882Z debug
-- END CF API REQUEST
---

--- 2026-03-06T21:09:56.043Z debug
-- START CF API RESPONSE: OK 200
---

--- 2026-03-06T21:09:56.043Z debug
HEADERS: omitted; set WRANGLER_LOG_SANITIZE=false to include sanitized data
---

--- 2026-03-06T21:09:56.043Z debug
RESPONSE: omitted; set WRANGLER_LOG_SANITIZE=false to include sanitized data
---

--- 2026-03-06T21:09:56.043Z debug
-- END CF API RESPONSE
---

--- 2026-03-06T21:09:56.044Z debug
-- START CF API REQUEST: PATCH https://api.cloudflare.com/client/v4/accounts/22f8a8390779ed8d3951cab297d2b32a/workers/scripts/ubani-hosting-api/script-settings
---

--- 2026-03-06T21:09:56.044Z debug
QUERY STRING: omitted; set WRANGLER_LOG_SANITIZE=false to include sanitized data
---

--- 2026-03-06T21:09:56.044Z debug
HEADERS: omitted; set WRANGLER_LOG_SANITIZE=false to include sanitized data
---

--- 2026-03-06T21:09:56.044Z debug
INIT: omitted; set WRANGLER_LOG_SANITIZE=false to include sanitized data
---

--- 2026-03-06T21:09:56.044Z debug
-- END CF API REQUEST
---

--- 2026-03-06T21:09:57.964Z debug
-- START CF API RESPONSE: OK 200
---

--- 2026-03-06T21:09:57.964Z debug
HEADERS: omitted; set WRANGLER_LOG_SANITIZE=false to include sanitized data
---

--- 2026-03-06T21:09:57.964Z debug
RESPONSE: omitted; set WRANGLER_LOG_SANITIZE=false to include sanitized data
---

--- 2026-03-06T21:09:57.964Z debug
-- END CF API RESPONSE
---

--- 2026-03-06T21:09:57.969Z log
Uploaded ubani-hosting-api (6.87 sec)
---

--- 2026-03-06T21:09:57.970Z debug
-- START CF API REQUEST: GET https://api.cloudflare.com/client/v4/accounts/22f8a8390779ed8d3951cab297d2b32a/workers/subdomain
---

--- 2026-03-06T21:09:57.970Z debug
QUERY STRING: omitted; set WRANGLER_LOG_SANITIZE=false to include sanitized data
---

--- 2026-03-06T21:09:57.970Z debug
HEADERS: omitted; set WRANGLER_LOG_SANITIZE=false to include sanitized data
---

--- 2026-03-06T21:09:57.970Z debug
INIT: omitted; set WRANGLER_LOG_SANITIZE=false to include sanitized data
---

--- 2026-03-06T21:09:57.970Z debug
-- END CF API REQUEST
---

--- 2026-03-06T21:09:59.197Z debug
-- START CF API RESPONSE: OK 200
---

--- 2026-03-06T21:09:59.197Z debug
HEADERS: omitted; set WRANGLER_LOG_SANITIZE=false to include sanitized data
---

--- 2026-03-06T21:09:59.197Z debug
RESPONSE: omitted; set WRANGLER_LOG_SANITIZE=false to include sanitized data
---

--- 2026-03-06T21:09:59.197Z debug
-- END CF API RESPONSE
---

--- 2026-03-06T21:09:59.197Z debug
-- START CF API REQUEST: GET https://api.cloudflare.com/client/v4/accounts/22f8a8390779ed8d3951cab297d2b32a/workers/scripts/ubani-hosting-api/subdomain
---

--- 2026-03-06T21:09:59.197Z debug
QUERY STRING: omitted; set WRANGLER_LOG_SANITIZE=false to include sanitized data
---

--- 2026-03-06T21:09:59.197Z debug
HEADERS: omitted; set WRANGLER_LOG_SANITIZE=false to include sanitized data
---

--- 2026-03-06T21:09:59.197Z debug
INIT: omitted; set WRANGLER_LOG_SANITIZE=false to include sanitized data
---

--- 2026-03-06T21:09:59.197Z debug
-- END CF API REQUEST
---

--- 2026-03-06T21:10:00.207Z debug
-- START CF API RESPONSE: OK 200
---

--- 2026-03-06T21:10:00.207Z debug
HEADERS: omitted; set WRANGLER_LOG_SANITIZE=false to include sanitized data
---

--- 2026-03-06T21:10:00.207Z debug
RESPONSE: omitted; set WRANGLER_LOG_SANITIZE=false to include sanitized data
---

--- 2026-03-06T21:10:00.207Z debug
-- END CF API RESPONSE
---

--- 2026-03-06T21:10:00.208Z debug
-- START CF API REQUEST: POST https://api.cloudflare.com/client/v4/accounts/22f8a8390779ed8d3951cab297d2b32a/workers/scripts/ubani-hosting-api/subdomain
---

--- 2026-03-06T21:10:00.208Z debug
QUERY STRING: omitted; set WRANGLER_LOG_SANITIZE=false to include sanitized data
---

--- 2026-03-06T21:10:00.208Z debug
HEADERS: omitted; set WRANGLER_LOG_SANITIZE=false to include sanitized data
---

--- 2026-03-06T21:10:00.208Z debug
INIT: omitted; set WRANGLER_LOG_SANITIZE=false to include sanitized data
---

--- 2026-03-06T21:10:00.208Z debug
-- END CF API REQUEST
---

--- 2026-03-06T21:10:02.638Z debug
-- START CF API RESPONSE: OK 200
---

--- 2026-03-06T21:10:02.638Z debug
HEADERS: omitted; set WRANGLER_LOG_SANITIZE=false to include sanitized data
---

--- 2026-03-06T21:10:02.638Z debug
RESPONSE: omitted; set WRANGLER_LOG_SANITIZE=false to include sanitized data
---

--- 2026-03-06T21:10:02.638Z debug
-- END CF API RESPONSE
---

--- 2026-03-06T21:10:02.639Z log
Deployed ubani-hosting-api triggers (4.67 sec)
---

--- 2026-03-06T21:10:02.639Z log
  https://ubani-hosting-api.ubani-hosting.workers.dev
---

--- 2026-03-06T21:10:02.639Z log
Current Version ID: 4130db12-d2a6-4f37-b8f9-8d8aed9252bd
---

--- 2026-03-06T21:10:02.640Z debug
Metrics dispatcher: Posting data {"deviceId":"7135e9e5-d6fb-4657-81a4-eaecb7fedad0","event":"deploy worker script","timestamp":1772831402640,"properties":{"amplitude_session_id":1772831402639,"amplitude_event_id":0,"wranglerVersion":"4.71.0","wranglerMajorVersion":4,"wranglerMinorVersion":71,"wranglerPatchVersion":0,"osPlatform":"Linux","osVersion":"#50~22.04.1-Ubuntu SMP Wed Dec  3 15:13:22 UTC 2025","nodeVersion":24,"packageManager":"npm","isFirstUsage":false,"configFileType":"none","isCI":false,"isPagesCI":false,"isWorkersCI":false,"isInteractive":true,"hasAssets":false,"agent":null,"category":"Workers","os":"linux:x64","usesTypeScript":false,"durationMs":12760}}
---

--- 2026-03-06T21:10:02.641Z debug
Metrics dispatcher: Posting data {"deviceId":"7135e9e5-d6fb-4657-81a4-eaecb7fedad0","event":"wrangler command completed","timestamp":1772831402641,"properties":{"amplitude_session_id":1772831389815,"amplitude_event_id":1,"wranglerVersion":"4.71.0","wranglerMajorVersion":4,"wranglerMinorVersion":71,"wranglerPatchVersion":0,"osPlatform":"Linux","osVersion":"#50~22.04.1-Ubuntu SMP Wed Dec  3 15:13:22 UTC 2025","nodeVersion":24,"packageManager":"npm","isFirstUsage":false,"configFileType":"toml","isCI":false,"isPagesCI":false,"isWorkersCI":false,"isInteractive":true,"hasAssets":false,"agent":null,"argsUsed":[],"argsCombination":"","sanitizedCommand":"deploy","sanitizedArgs":{},"durationMs":12840}}
---
