
--- 2026-03-07T06:59:52.256Z debug
🪵  Writing logs to "/workspaces/ubani-hosting/.config/.wrangler/logs/wrangler-2026-03-07_06-59-52_016.log"
---

--- 2026-03-07T06:59:52.256Z debug
.env file not found at "/workspaces/ubani-hosting/.env". Continuing... For more details, refer to https://developers.cloudflare.com/workers/wrangler/system-environment-variables/
---

--- 2026-03-07T06:59:52.257Z debug
.env file not found at "/workspaces/ubani-hosting/.env.local". Continuing... For more details, refer to https://developers.cloudflare.com/workers/wrangler/system-environment-variables/
---

--- 2026-03-07T06:59:52.639Z log

 ⛅️ wrangler 4.71.0
───────────────────
---

--- 2026-03-07T06:59:52.648Z debug
Metrics dispatcher: Posting data {"deviceId":"7135e9e5-d6fb-4657-81a4-eaecb7fedad0","event":"wrangler command started","timestamp":1772866792648,"properties":{"amplitude_session_id":1772866792645,"amplitude_event_id":0,"wranglerVersion":"4.71.0","wranglerMajorVersion":4,"wranglerMinorVersion":71,"wranglerPatchVersion":0,"osPlatform":"Linux","osVersion":"#50~22.04.1-Ubuntu SMP Wed Dec  3 15:13:22 UTC 2025","nodeVersion":24,"packageManager":"npm","isFirstUsage":false,"configFileType":"toml","isCI":false,"isPagesCI":false,"isWorkersCI":false,"isInteractive":false,"hasAssets":false,"agent":null,"argsUsed":[],"argsCombination":"","sanitizedCommand":"deploy","sanitizedArgs":{}}}
---

--- 2026-03-07T06:59:52.664Z debug
Metrics dispatcher: Posting data {"deviceId":"7135e9e5-d6fb-4657-81a4-eaecb7fedad0","event":"autoconfig_process_started","timestamp":1772866792664,"properties":{"amplitude_session_id":1772866792663,"amplitude_event_id":0,"wranglerVersion":"4.71.0","wranglerMajorVersion":4,"wranglerMinorVersion":71,"wranglerPatchVersion":0,"osPlatform":"Linux","osVersion":"#50~22.04.1-Ubuntu SMP Wed Dec  3 15:13:22 UTC 2025","nodeVersion":24,"packageManager":"npm","isFirstUsage":false,"configFileType":"none","isCI":false,"isPagesCI":false,"isWorkersCI":false,"isInteractive":false,"hasAssets":false,"agent":null,"category":"Workers","os":"linux:x64","autoConfigId":"54c569df-8367-4f44-ad61-f14288f6f29c","command":"wrangler deploy","dryRun":false}}
---

--- 2026-03-07T06:59:52.665Z debug
Running autoconfig detection in /workspaces/ubani-hosting...
---

--- 2026-03-07T06:59:52.665Z debug
Metrics dispatcher: Posting data {"deviceId":"7135e9e5-d6fb-4657-81a4-eaecb7fedad0","event":"autoconfig_detection_started","timestamp":1772866792665,"properties":{"amplitude_session_id":1772866792665,"amplitude_event_id":0,"wranglerVersion":"4.71.0","wranglerMajorVersion":4,"wranglerMinorVersion":71,"wranglerPatchVersion":0,"osPlatform":"Linux","osVersion":"#50~22.04.1-Ubuntu SMP Wed Dec  3 15:13:22 UTC 2025","nodeVersion":24,"packageManager":"npm","isFirstUsage":false,"configFileType":"none","isCI":false,"isPagesCI":false,"isWorkersCI":false,"isInteractive":false,"hasAssets":false,"agent":null,"category":"Workers","os":"linux:x64","autoConfigId":"54c569df-8367-4f44-ad61-f14288f6f29c","command":"wrangler deploy"}}
---

--- 2026-03-07T06:59:52.669Z debug
Metrics dispatcher: Posting data {"deviceId":"7135e9e5-d6fb-4657-81a4-eaecb7fedad0","event":"autoconfig_process_ended","timestamp":1772866792669,"properties":{"amplitude_session_id":1772866792669,"amplitude_event_id":0,"wranglerVersion":"4.71.0","wranglerMajorVersion":4,"wranglerMinorVersion":71,"wranglerPatchVersion":0,"osPlatform":"Linux","osVersion":"#50~22.04.1-Ubuntu SMP Wed Dec  3 15:13:22 UTC 2025","nodeVersion":24,"packageManager":"npm","isFirstUsage":false,"configFileType":"none","isCI":false,"isPagesCI":false,"isWorkersCI":false,"isInteractive":false,"hasAssets":false,"agent":null,"category":"Workers","os":"linux:x64","autoConfigId":"54c569df-8367-4f44-ad61-f14288f6f29c","command":"wrangler deploy","dryRun":false,"success":true}}
---

--- 2026-03-07T06:59:53.392Z debug
Metrics dispatcher: Posting data {"deviceId":"7135e9e5-d6fb-4657-81a4-eaecb7fedad0","event":"wrangler command errored","timestamp":1772866793392,"properties":{"amplitude_session_id":1772866792645,"amplitude_event_id":1,"wranglerVersion":"4.71.0","wranglerMajorVersion":4,"wranglerMinorVersion":71,"wranglerPatchVersion":0,"osPlatform":"Linux","osVersion":"#50~22.04.1-Ubuntu SMP Wed Dec  3 15:13:22 UTC 2025","nodeVersion":24,"packageManager":"npm","isFirstUsage":false,"configFileType":"toml","isCI":false,"isPagesCI":false,"isWorkersCI":false,"isInteractive":false,"hasAssets":false,"agent":null,"argsUsed":[],"argsCombination":"","sanitizedCommand":"deploy","sanitizedArgs":{},"durationMs":1134,"errorType":"UserError"}}
---

--- 2026-03-07T06:59:53.393Z log

---

--- 2026-03-07T06:59:53.444Z error
✘ [ERROR] In a non-interactive environment, it's necessary to set a CLOUDFLARE_API_TOKEN environment variable for wrangler to work. Please go to https://developers.cloudflare.com/fundamentals/api/get-started/create-token/ for instructions on how to create an api token, and assign its value to CLOUDFLARE_API_TOKEN.


---

--- 2026-03-07T06:59:53.461Z debug
Error: In a non-interactive environment, it's necessary to set a CLOUDFLARE_API_TOKEN environment variable for wrangler to work. Please go to https://developers.cloudflare.com/fundamentals/api/get-started/create-token/ for instructions on how to create an api token, and assign its value to CLOUDFLARE_API_TOKEN.
    at requireAuth (/workspaces/ubani-hosting/node_modules/wrangler/wrangler-dist/cli.js:123179:13)
    at process.processTicksAndRejections (node:internal/process/task_queues:103:5)
    at async Object.handler (/workspaces/ubani-hosting/node_modules/wrangler/wrangler-dist/cli.js:220281:50)
    at async /workspaces/ubani-hosting/node_modules/wrangler/wrangler-dist/cli.js:169231:26
    at async Object.handler (/workspaces/ubani-hosting/node_modules/wrangler/wrangler-dist/cli.js:169180:7)
---
