
--- 2026-03-07T08:40:11.684Z debug
🪵  Writing logs to "/workspaces/ubani-hosting/.config/.wrangler/logs/wrangler-2026-03-07_08-40-11_447.log"
---

--- 2026-03-07T08:40:11.684Z debug
.env file not found at "/workspaces/ubani-hosting/.env". Continuing... For more details, refer to https://developers.cloudflare.com/workers/wrangler/system-environment-variables/
---

--- 2026-03-07T08:40:11.685Z debug
.env file not found at "/workspaces/ubani-hosting/.env.local". Continuing... For more details, refer to https://developers.cloudflare.com/workers/wrangler/system-environment-variables/
---

--- 2026-03-07T08:40:11.979Z log

 ⛅️ wrangler 4.71.0
───────────────────
---

--- 2026-03-07T08:40:11.988Z debug
Metrics dispatcher: Posting data {"deviceId":"7135e9e5-d6fb-4657-81a4-eaecb7fedad0","event":"wrangler command started","timestamp":1772872811988,"properties":{"amplitude_session_id":1772872811984,"amplitude_event_id":0,"wranglerVersion":"4.71.0","wranglerMajorVersion":4,"wranglerMinorVersion":71,"wranglerPatchVersion":0,"osPlatform":"Linux","osVersion":"#50~22.04.1-Ubuntu SMP Wed Dec  3 15:13:22 UTC 2025","nodeVersion":24,"packageManager":"npm","isFirstUsage":false,"configFileType":"toml","isCI":false,"isPagesCI":false,"isWorkersCI":false,"isInteractive":true,"hasAssets":false,"agent":null,"argsUsed":[],"argsCombination":"","sanitizedCommand":"deploy","sanitizedArgs":{}}}
---

--- 2026-03-07T08:40:12.004Z debug
Metrics dispatcher: Posting data {"deviceId":"7135e9e5-d6fb-4657-81a4-eaecb7fedad0","event":"autoconfig_process_started","timestamp":1772872812004,"properties":{"amplitude_session_id":1772872812004,"amplitude_event_id":0,"wranglerVersion":"4.71.0","wranglerMajorVersion":4,"wranglerMinorVersion":71,"wranglerPatchVersion":0,"osPlatform":"Linux","osVersion":"#50~22.04.1-Ubuntu SMP Wed Dec  3 15:13:22 UTC 2025","nodeVersion":24,"packageManager":"npm","isFirstUsage":false,"configFileType":"none","isCI":false,"isPagesCI":false,"isWorkersCI":false,"isInteractive":true,"hasAssets":false,"agent":null,"category":"Workers","os":"linux:x64","autoConfigId":"042a7692-e2f1-4448-9e8e-28c5e6361433","command":"wrangler deploy","dryRun":false}}
---

--- 2026-03-07T08:40:12.005Z debug
Running autoconfig detection in /workspaces/ubani-hosting...
---

--- 2026-03-07T08:40:12.006Z debug
Metrics dispatcher: Posting data {"deviceId":"7135e9e5-d6fb-4657-81a4-eaecb7fedad0","event":"autoconfig_detection_started","timestamp":1772872812006,"properties":{"amplitude_session_id":1772872812005,"amplitude_event_id":0,"wranglerVersion":"4.71.0","wranglerMajorVersion":4,"wranglerMinorVersion":71,"wranglerPatchVersion":0,"osPlatform":"Linux","osVersion":"#50~22.04.1-Ubuntu SMP Wed Dec  3 15:13:22 UTC 2025","nodeVersion":24,"packageManager":"npm","isFirstUsage":false,"configFileType":"none","isCI":false,"isPagesCI":false,"isWorkersCI":false,"isInteractive":true,"hasAssets":false,"agent":null,"category":"Workers","os":"linux:x64","autoConfigId":"042a7692-e2f1-4448-9e8e-28c5e6361433","command":"wrangler deploy"}}
---

--- 2026-03-07T08:40:12.010Z debug
Metrics dispatcher: Posting data {"deviceId":"7135e9e5-d6fb-4657-81a4-eaecb7fedad0","event":"autoconfig_process_ended","timestamp":1772872812010,"properties":{"amplitude_session_id":1772872812010,"amplitude_event_id":0,"wranglerVersion":"4.71.0","wranglerMajorVersion":4,"wranglerMinorVersion":71,"wranglerPatchVersion":0,"osPlatform":"Linux","osVersion":"#50~22.04.1-Ubuntu SMP Wed Dec  3 15:13:22 UTC 2025","nodeVersion":24,"packageManager":"npm","isFirstUsage":false,"configFileType":"none","isCI":false,"isPagesCI":false,"isWorkersCI":false,"isInteractive":true,"hasAssets":false,"agent":null,"category":"Workers","os":"linux:x64","autoConfigId":"042a7692-e2f1-4448-9e8e-28c5e6361433","command":"wrangler deploy","dryRun":false,"success":true}}
---

--- 2026-03-07T08:40:12.851Z log
Attempting to login via OAuth...
---

--- 2026-03-07T08:40:12.856Z log
Opening a link in your default browser: https://dash.cloudflare.com/oauth2/auth?response_type=code&client_id=54d11594-84e4-41aa-b438-e81b8fa78ee7&redirect_uri=http%3A%2F%2Flocalhost%3A8976%2Foauth%2Fcallback&scope=account%3Aread%20user%3Aread%20workers%3Awrite%20workers_kv%3Awrite%20workers_routes%3Awrite%20workers_scripts%3Awrite%20workers_tail%3Aread%20d1%3Awrite%20pages%3Awrite%20zone%3Aread%20ssl_certs%3Awrite%20ai%3Awrite%20ai-search%3Awrite%20ai-search%3Arun%20queues%3Awrite%20pipelines%3Awrite%20secrets_store%3Awrite%20containers%3Awrite%20cloudchamber%3Awrite%20connectivity%3Aadmin%20offline_access&state=TtZBtwJCnaboEi3thgbXKmskib38Ea8f&code_challenge=kBfXHLggn26WTjYgEQQagwSqfSCEcGw-QQRPT4gwWFU&code_challenge_method=S256
---

--- 2026-03-07T08:40:12.957Z warn
▲ [WARNING] Failed to open


---

--- 2026-03-07T08:42:12.858Z debug
Metrics dispatcher: Posting data {"deviceId":"7135e9e5-d6fb-4657-81a4-eaecb7fedad0","event":"wrangler command errored","timestamp":1772872932858,"properties":{"amplitude_session_id":1772872811984,"amplitude_event_id":1,"wranglerVersion":"4.71.0","wranglerMajorVersion":4,"wranglerMinorVersion":71,"wranglerPatchVersion":0,"osPlatform":"Linux","osVersion":"#50~22.04.1-Ubuntu SMP Wed Dec  3 15:13:22 UTC 2025","nodeVersion":24,"packageManager":"npm","isFirstUsage":false,"configFileType":"toml","isCI":false,"isPagesCI":false,"isWorkersCI":false,"isInteractive":true,"hasAssets":false,"agent":null,"argsUsed":[],"argsCombination":"","sanitizedCommand":"deploy","sanitizedArgs":{},"durationMs":121171,"errorType":"UserError"}}
---

--- 2026-03-07T08:42:12.860Z log

---

--- 2026-03-07T08:42:12.861Z error
✘ [ERROR] Timed out waiting for authorization code, please try again.


---

--- 2026-03-07T08:42:12.877Z debug
Error: Timed out waiting for authorization code, please try again.
    at Timeout.<anonymous> (/workspaces/ubani-hosting/node_modules/wrangler/wrangler-dist/cli.js:122947:9)
    at listOnTimeout (node:internal/timers:605:17)
    at process.processTimers (node:internal/timers:541:7)
---
