
--- 2026-03-07T08:43:33.397Z debug
🪵  Writing logs to "/workspaces/ubani-hosting/.config/.wrangler/logs/wrangler-2026-03-07_08-43-33_188.log"
---

--- 2026-03-07T08:43:33.397Z debug
.env file not found at "/workspaces/ubani-hosting/.env". Continuing... For more details, refer to https://developers.cloudflare.com/workers/wrangler/system-environment-variables/
---

--- 2026-03-07T08:43:33.398Z debug
.env file not found at "/workspaces/ubani-hosting/.env.local". Continuing... For more details, refer to https://developers.cloudflare.com/workers/wrangler/system-environment-variables/
---

--- 2026-03-07T08:43:33.428Z log

 ⛅️ wrangler 4.71.0
───────────────────
---

--- 2026-03-07T08:43:33.441Z debug
Metrics dispatcher: Posting data {"deviceId":"7135e9e5-d6fb-4657-81a4-eaecb7fedad0","event":"wrangler command started","timestamp":1772873013441,"properties":{"amplitude_session_id":1772873013437,"amplitude_event_id":0,"wranglerVersion":"4.71.0","wranglerMajorVersion":4,"wranglerMinorVersion":71,"wranglerPatchVersion":0,"osPlatform":"Linux","osVersion":"#50~22.04.1-Ubuntu SMP Wed Dec  3 15:13:22 UTC 2025","nodeVersion":24,"packageManager":"npm","isFirstUsage":false,"configFileType":"toml","isCI":false,"isPagesCI":false,"isWorkersCI":false,"isInteractive":true,"hasAssets":false,"agent":null,"argsUsed":[],"argsCombination":"","sanitizedCommand":"deploy","sanitizedArgs":{}}}
---

--- 2026-03-07T08:43:33.471Z debug
Metrics dispatcher: Posting data {"deviceId":"7135e9e5-d6fb-4657-81a4-eaecb7fedad0","event":"autoconfig_process_started","timestamp":1772873013471,"properties":{"amplitude_session_id":1772873013470,"amplitude_event_id":0,"wranglerVersion":"4.71.0","wranglerMajorVersion":4,"wranglerMinorVersion":71,"wranglerPatchVersion":0,"osPlatform":"Linux","osVersion":"#50~22.04.1-Ubuntu SMP Wed Dec  3 15:13:22 UTC 2025","nodeVersion":24,"packageManager":"npm","isFirstUsage":false,"configFileType":"none","isCI":false,"isPagesCI":false,"isWorkersCI":false,"isInteractive":true,"hasAssets":false,"agent":null,"category":"Workers","os":"linux:x64","autoConfigId":"e48976d1-3068-40e2-9180-6e6c63b8aa43","command":"wrangler deploy","dryRun":false}}
---

--- 2026-03-07T08:43:33.472Z debug
Running autoconfig detection in /workspaces/ubani-hosting...
---

--- 2026-03-07T08:43:33.474Z debug
Metrics dispatcher: Posting data {"deviceId":"7135e9e5-d6fb-4657-81a4-eaecb7fedad0","event":"autoconfig_detection_started","timestamp":1772873013474,"properties":{"amplitude_session_id":1772873013472,"amplitude_event_id":0,"wranglerVersion":"4.71.0","wranglerMajorVersion":4,"wranglerMinorVersion":71,"wranglerPatchVersion":0,"osPlatform":"Linux","osVersion":"#50~22.04.1-Ubuntu SMP Wed Dec  3 15:13:22 UTC 2025","nodeVersion":24,"packageManager":"npm","isFirstUsage":false,"configFileType":"none","isCI":false,"isPagesCI":false,"isWorkersCI":false,"isInteractive":true,"hasAssets":false,"agent":null,"category":"Workers","os":"linux:x64","autoConfigId":"e48976d1-3068-40e2-9180-6e6c63b8aa43","command":"wrangler deploy"}}
---

--- 2026-03-07T08:43:33.498Z debug
Metrics dispatcher: Posting data {"deviceId":"7135e9e5-d6fb-4657-81a4-eaecb7fedad0","event":"autoconfig_process_ended","timestamp":1772873013498,"properties":{"amplitude_session_id":1772873013497,"amplitude_event_id":0,"wranglerVersion":"4.71.0","wranglerMajorVersion":4,"wranglerMinorVersion":71,"wranglerPatchVersion":0,"osPlatform":"Linux","osVersion":"#50~22.04.1-Ubuntu SMP Wed Dec  3 15:13:22 UTC 2025","nodeVersion":24,"packageManager":"npm","isFirstUsage":false,"configFileType":"none","isCI":false,"isPagesCI":false,"isWorkersCI":false,"isInteractive":true,"hasAssets":false,"agent":null,"category":"Workers","os":"linux:x64","autoConfigId":"e48976d1-3068-40e2-9180-6e6c63b8aa43","command":"wrangler deploy","dryRun":false,"success":true}}
---

--- 2026-03-07T08:43:33.565Z log
Attempting to login via OAuth...
---

--- 2026-03-07T08:43:33.583Z log
Opening a link in your default browser: https://dash.cloudflare.com/oauth2/auth?response_type=code&client_id=54d11594-84e4-41aa-b438-e81b8fa78ee7&redirect_uri=http%3A%2F%2Flocalhost%3A8976%2Foauth%2Fcallback&scope=account%3Aread%20user%3Aread%20workers%3Awrite%20workers_kv%3Awrite%20workers_routes%3Awrite%20workers_scripts%3Awrite%20workers_tail%3Aread%20d1%3Awrite%20pages%3Awrite%20zone%3Aread%20ssl_certs%3Awrite%20ai%3Awrite%20ai-search%3Awrite%20ai-search%3Arun%20queues%3Awrite%20pipelines%3Awrite%20secrets_store%3Awrite%20containers%3Awrite%20cloudchamber%3Awrite%20connectivity%3Aadmin%20offline_access&state=t9HpzSQqzQtteaposr6CWZxxHHctcNfQ&code_challenge=jXG3Pkl4YHhGLJM8d38ghPNox1fpYWocCQ59QVKLaWc&code_challenge_method=S256
---

--- 2026-03-07T08:43:33.756Z warn
▲ [WARNING] Failed to open


---

--- 2026-03-07T08:43:36.594Z warn
▲ [WARNING] Received query string parameter doesn't match the one sent! Possible malicious activity somewhere.


---

--- 2026-03-07T08:43:50.503Z debug
Metrics dispatcher: Posting data {"deviceId":"7135e9e5-d6fb-4657-81a4-eaecb7fedad0","event":"wrangler command errored","timestamp":1772873030503,"properties":{"amplitude_session_id":1772873013437,"amplitude_event_id":1,"wranglerVersion":"4.71.0","wranglerMajorVersion":4,"wranglerMinorVersion":71,"wranglerPatchVersion":0,"osPlatform":"Linux","osVersion":"#50~22.04.1-Ubuntu SMP Wed Dec  3 15:13:22 UTC 2025","nodeVersion":24,"packageManager":"npm","isFirstUsage":false,"configFileType":"toml","isCI":false,"isPagesCI":false,"isWorkersCI":false,"isInteractive":true,"hasAssets":false,"agent":null,"argsUsed":[],"argsCombination":"","sanitizedCommand":"deploy","sanitizedArgs":{},"durationMs":17103,"errorType":"ErrorInvalidReturnedStateParam"}}
---

--- 2026-03-07T08:43:50.505Z log

---

--- 2026-03-07T08:43:50.507Z error
✘ [ERROR] 


---

--- 2026-03-07T08:43:50.524Z debug
Error
    at isReturningFromAuthServer (/workspaces/ubani-hosting/node_modules/wrangler/wrangler-dist/cli.js:122733:11)
    at Server.<anonymous> (/workspaces/ubani-hosting/node_modules/wrangler/wrangler-dist/cli.js:122976:27)
    at Server.emit (node:events:508:28)
    at Server.emit (node:domain:489:12)
    at parserOnIncoming (node:_http_server:1186:12)
    at HTTPParser.parserOnHeadersComplete (node:_http_common:123:17)
---
